# JRE version: OpenJDK Runtime Environment Corretto-17.0.16.8.1 (17.0.16+8) (build 17.0.16+8-LTS)
# Java VM: OpenJDK 64-Bit Server VM Corretto-17.0.16.8.1 (17.0.16+8-LTS, mixed mode, sharing, tiered, compressed oops, compressed class ptrs, g1 gc, windows-amd64)
GC Precious Log:
 CPUs: 20 total, 20 available
 Memory: 16068M
 Large Page Support: Disabled
 NUMA Support: Disabled
 Compressed Oops: Enabled (32-bit)
 Heap Region Size: 1M
 Heap Min Capacity: 8M
 Heap Initial Capacity: 252M
 Heap Max Capacity: 2G
 Pre-touch: Disabled
 Parallel Workers: 15
 Concurrent Workers: 4
 Concurrent Refinement Workers: 15
 Periodic GC: Disabled
Heap:
 garbage-first heap   total 304128K, used 220641K [0x0000000080000000, 0x0000000100000000)
  region size 1024K, 126 young (129024K), 2 survivors (2048K)
 Metaspace       used 93640K, committed 94464K, reserved 1179648K
  class space    used 13177K, committed 13568K, reserved 1048576K
GC Heap History (20 events):
Event: 6.691 GC heap before
{Heap before GC invocations=21 (full 0):
 garbage-first heap   total 128000K, used 74223K [0x0000000080000000, 0x0000000100000000)
  region size 1024K, 6 young (6144K), 2 survivors (2048K)
 Metaspace       used 55556K, committed 56128K, reserved 1114112K
  class space    used 7708K, committed 8000K, reserved 1048576K
}
Event: 6.693 GC heap after
{Heap after GC invocations=22 (full 0):
 garbage-first heap   total 128000K, used 69981K [0x0000000080000000, 0x0000000100000000)
  region size 1024K, 1 young (1024K), 1 survivors (1024K)
 Metaspace       used 55556K, committed 56128K, reserved 1114112K
  class space    used 7708K, committed 8000K, reserved 1048576K
}
Event: 6.980 GC heap before
{Heap before GC invocations=22 (full 0):
 garbage-first heap   total 128000K, used 99677K [0x0000000080000000, 0x0000000100000000)
  region size 1024K, 31 young (31744K), 1 survivors (1024K)
 Metaspace       used 58423K, committed 59072K, reserved 1114112K
  class space    used 8045K, committed 8320K, reserved 1048576K
}
Event: 6.982 GC heap after
{Heap after GC invocations=23 (full 0):
 garbage-first heap   total 168960K, used 70687K [0x0000000080000000, 0x0000000100000000)
  region size 1024K, 2 young (2048K), 2 survivors (2048K)
 Metaspace       used 58423K, committed 59072K, reserved 1114112K
  class space    used 8045K, committed 8320K, reserved 1048576K
}
Event: 7.445 GC heap before
{Heap before GC invocations=24 (full 0):
 garbage-first heap   total 168960K, used 131103K [0x0000000080000000, 0x0000000100000000)
  region size 1024K, 56 young (57344K), 2 survivors (2048K)
 Metaspace       used 62730K, committed 63360K, reserved 1114112K
  class space    used 8641K, committed 8960K, reserved 1048576K
}
Event: 7.448 GC heap after
{Heap after GC invocations=25 (full 0):
 garbage-first heap   total 168960K, used 76735K [0x0000000080000000, 0x0000000100000000)
  region size 1024K, 7 young (7168K), 7 survivors (7168K)
 Metaspace       used 62730K, committed 63360K, reserved 1114112K
  class space    used 8641K, committed 8960K, reserved 1048576K
}
Event: 7.456 GC heap before
{Heap before GC invocations=25 (full 0):
 garbage-first heap   total 168960K, used 77759K [0x0000000080000000, 0x0000000100000000)
  region size 1024K, 8 young (8192K), 7 survivors (7168K)
 Metaspace       used 62754K, committed 63424K, reserved 1114112K
  class space    used 8644K, committed 8960K, reserved 1048576K
}
Event: 7.458 GC heap after
{Heap after GC invocations=26 (full 0):
 garbage-first heap   total 168960K, used 77244K [0x0000000080000000, 0x0000000100000000)
  region size 1024K, 1 young (1024K), 1 survivors (1024K)
 Metaspace       used 62754K, committed 63424K, reserved 1114112K
  class space    used 8644K, committed 8960K, reserved 1048576K
}
Event: 7.928 GC heap before
{Heap before GC invocations=26 (full 0):
 garbage-first heap   total 168960K, used 129468K [0x0000000080000000, 0x0000000100000000)
  region size 1024K, 52 young (53248K), 1 survivors (1024K)
 Metaspace       used 67327K, committed 67968K, reserved 1114112K
  class space    used 9250K, committed 9536K, reserved 1048576K
}
Event: 7.930 GC heap after
{Heap after GC invocations=27 (full 0):
 garbage-first heap   total 168960K, used 78929K [0x0000000080000000, 0x0000000100000000)
  region size 1024K, 3 young (3072K), 3 survivors (3072K)
 Metaspace       used 67327K, committed 67968K, reserved 1114112K
  class space    used 9250K, committed 9536K, reserved 1048576K
}
Event: 8.455 GC heap before
{Heap before GC invocations=28 (full 0):
 garbage-first heap   total 168960K, used 135249K [0x0000000080000000, 0x0000000100000000)
  region size 1024K, 55 young (56320K), 3 survivors (3072K)
 Metaspace       used 70896K, committed 71616K, reserved 1114112K
  class space    used 9762K, committed 10112K, reserved 1048576K
}
Event: 8.458 GC heap after
{Heap after GC invocations=29 (full 0):
 garbage-first heap   total 168960K, used 84524K [0x0000000080000000, 0x0000000100000000)
  region size 1024K, 6 young (6144K), 6 survivors (6144K)
 Metaspace       used 70896K, committed 71616K, reserved 1114112K
  class space    used 9762K, committed 10112K, reserved 1048576K
}
Event: 8.478 GC heap before
{Heap before GC invocations=29 (full 0):
 garbage-first heap   total 168960K, used 85548K [0x0000000080000000, 0x0000000100000000)
  region size 1024K, 8 young (8192K), 6 survivors (6144K)
 Metaspace       used 71029K, committed 71744K, reserved 1114112K
  class space    used 9781K, committed 10112K, reserved 1048576K
}
Event: 8.481 GC heap after
{Heap after GC invocations=30 (full 0):
 garbage-first heap   total 168960K, used 84832K [0x0000000080000000, 0x0000000100000000)
  region size 1024K, 1 young (1024K), 1 survivors (1024K)
 Metaspace       used 71029K, committed 71744K, reserved 1114112K
  class space    used 9781K, committed 10112K, reserved 1048576K
}
Event: 8.823 GC heap before
{Heap before GC invocations=30 (full 0):
 garbage-first heap   total 168960K, used 135008K [0x0000000080000000, 0x0000000100000000)
  region size 1024K, 50 young (51200K), 1 survivors (1024K)
 Metaspace       used 72494K, committed 73216K, reserved 1114112K
  class space    used 9976K, committed 10368K, reserved 1048576K
}
Event: 8.826 GC heap after
{Heap after GC invocations=31 (full 0):
 garbage-first heap   total 337920K, used 88021K [0x0000000080000000, 0x0000000100000000)
  region size 1024K, 4 young (4096K), 4 survivors (4096K)
 Metaspace       used 72494K, committed 73216K, reserved 1114112K
  class space    used 9976K, committed 10368K, reserved 1048576K
}
Event: 10.339 GC heap before
{Heap before GC invocations=32 (full 0):
 garbage-first heap   total 304128K, used 263125K [0x0000000080000000, 0x0000000100000000)
  region size 1024K, 174 young (178176K), 4 survivors (4096K)
 Metaspace       used 84645K, committed 85376K, reserved 1179648K
  class space    used 11846K, committed 12224K, reserved 1048576K
}
Event: 10.344 GC heap after
{Heap after GC invocations=33 (full 0):
 garbage-first heap   total 304128K, used 94983K [0x0000000080000000, 0x0000000100000000)
  region size 1024K, 11 young (11264K), 11 survivors (11264K)
 Metaspace       used 84645K, committed 85376K, reserved 1179648K
  class space    used 11846K, committed 12224K, reserved 1048576K
}
Event: 10.364 GC heap before
{Heap before GC invocations=33 (full 0):
 garbage-first heap   total 304128K, used 97031K [0x0000000080000000, 0x0000000100000000)
  region size 1024K, 14 young (14336K), 11 survivors (11264K)
 Metaspace       used 84779K, committed 85504K, reserved 1179648K
  class space    used 11863K, committed 12224K, reserved 1048576K
}
Event: 10.370 GC heap after
{Heap after GC invocations=34 (full 0):
 garbage-first heap   total 304128K, used 95713K [0x0000000080000000, 0x0000000100000000)
  region size 1024K, 2 young (2048K), 2 survivors (2048K)
 Metaspace       used 84779K, committed 85504K, reserved 1179648K
  class space    used 11863K, committed 12224K, reserved 1048576K
}

