# JRE version: OpenJDK Runtime Environment Corretto-17.0.16.8.1 (17.0.16+8) (build 17.0.16+8-LTS)
# Java VM: OpenJDK 64-Bit Server VM Corretto-17.0.16.8.1 (17.0.16+8-LTS, mixed mode, sharing, tiered, compressed oops, compressed class ptrs, g1 gc, windows-amd64)
GC Precious Log:
 CPUs: 20 total, 20 available
 Memory: 16068M
 Large Page Support: Disabled
 NUMA Support: Disabled
 Compressed Oops: Enabled (32-bit)
 Heap Region Size: 1M
 Heap Min Capacity: 8M
 Heap Initial Capacity: 252M
 Heap Max Capacity: 2G
 Pre-touch: Disabled
 Parallel Workers: 15
 Concurrent Workers: 4
 Concurrent Refinement Workers: 15
 Periodic GC: Disabled
Heap:
 garbage-first heap   total 266240K, used 187606K [0x0000000080000000, 0x0000000100000000)
  region size 1024K, 3 young (3072K), 3 survivors (3072K)
 Metaspace       used 120481K, committed 121536K, reserved 1179648K
  class space    used 16105K, committed 16640K, reserved 1048576K
GC Heap History (20 events):
Event: 12.378 GC heap after
{Heap after GC invocations=40 (full 0):
 garbage-first heap   total 266240K, used 122181K [0x0000000080000000, 0x0000000100000000)
  region size 1024K, 2 young (2048K), 2 survivors (2048K)
 Metaspace       used 93501K, committed 94336K, reserved 1179648K
  class space    used 13148K, committed 13568K, reserved 1048576K
}
Event: 13.829 GC heap before
{Heap before GC invocations=40 (full 0):
 garbage-first heap   total 266240K, used 218437K [0x0000000080000000, 0x0000000100000000)
  region size 1024K, 97 young (99328K), 2 survivors (2048K)
 Metaspace       used 97926K, committed 98880K, reserved 1179648K
  class space    used 13741K, committed 14208K, reserved 1048576K
}
Event: 13.834 GC heap after
{Heap after GC invocations=41 (full 0):
 garbage-first heap   total 266240K, used 128115K [0x0000000080000000, 0x0000000100000000)
  region size 1024K, 8 young (8192K), 8 survivors (8192K)
 Metaspace       used 97926K, committed 98880K, reserved 1179648K
  class space    used 13741K, committed 14208K, reserved 1048576K
}
Event: 14.444 GC heap before
{Heap before GC invocations=41 (full 0):
 garbage-first heap   total 266240K, used 226419K [0x0000000080000000, 0x0000000100000000)
  region size 1024K, 96 young (98304K), 8 survivors (8192K)
 Metaspace       used 101367K, committed 102272K, reserved 1179648K
  class space    used 14093K, committed 14528K, reserved 1048576K
}
Event: 14.448 GC heap after
{Heap after GC invocations=42 (full 0):
 garbage-first heap   total 266240K, used 130782K [0x0000000080000000, 0x0000000100000000)
  region size 1024K, 4 young (4096K), 4 survivors (4096K)
 Metaspace       used 101367K, committed 102272K, reserved 1179648K
  class space    used 14093K, committed 14528K, reserved 1048576K
}
Event: 15.299 GC heap before
{Heap before GC invocations=42 (full 0):
 garbage-first heap   total 266240K, used 229086K [0x0000000080000000, 0x0000000100000000)
  region size 1024K, 91 young (93184K), 4 survivors (4096K)
 Metaspace       used 106957K, committed 107904K, reserved 1179648K
  class space    used 14687K, committed 15168K, reserved 1048576K
}
Event: 15.309 GC heap after
{Heap after GC invocations=43 (full 0):
 garbage-first heap   total 266240K, used 155766K [0x0000000080000000, 0x0000000100000000)
  region size 1024K, 12 young (12288K), 12 survivors (12288K)
 Metaspace       used 106957K, committed 107904K, reserved 1179648K
  class space    used 14687K, committed 15168K, reserved 1048576K
}
Event: 15.547 GC heap before
{Heap before GC invocations=43 (full 0):
 garbage-first heap   total 266240K, used 216182K [0x0000000080000000, 0x0000000100000000)
  region size 1024K, 68 young (69632K), 12 survivors (12288K)
 Metaspace       used 107654K, committed 108544K, reserved 1179648K
  class space    used 14722K, committed 15168K, reserved 1048576K
}
Event: 15.559 GC heap after
{Heap after GC invocations=44 (full 0):
 garbage-first heap   total 266240K, used 167936K [0x0000000080000000, 0x0000000100000000)
  region size 1024K, 9 young (9216K), 9 survivors (9216K)
 Metaspace       used 107654K, committed 108544K, reserved 1179648K
  class space    used 14722K, committed 15168K, reserved 1048576K
}
Event: 16.018 GC heap before
{Heap before GC invocations=44 (full 0):
 garbage-first heap   total 266240K, used 219136K [0x0000000080000000, 0x0000000100000000)
  region size 1024K, 57 young (58368K), 9 survivors (9216K)
 Metaspace       used 111598K, committed 112512K, reserved 1179648K
  class space    used 15058K, committed 15488K, reserved 1048576K
}
Event: 16.025 GC heap after
{Heap after GC invocations=45 (full 0):
 garbage-first heap   total 266240K, used 171148K [0x0000000080000000, 0x0000000100000000)
  region size 1024K, 4 young (4096K), 4 survivors (4096K)
 Metaspace       used 111598K, committed 112512K, reserved 1179648K
  class space    used 15058K, committed 15488K, reserved 1048576K
}
Event: 16.616 GC heap before
{Heap before GC invocations=45 (full 0):
 garbage-first heap   total 266240K, used 223372K [0x0000000080000000, 0x0000000100000000)
  region size 1024K, 51 young (52224K), 4 survivors (4096K)
 Metaspace       used 118508K, committed 119488K, reserved 1179648K
  class space    used 15924K, committed 16384K, reserved 1048576K
}
Event: 16.622 GC heap after
{Heap after GC invocations=46 (full 0):
 garbage-first heap   total 266240K, used 181774K [0x0000000080000000, 0x0000000100000000)
  region size 1024K, 7 young (7168K), 7 survivors (7168K)
 Metaspace       used 118508K, committed 119488K, reserved 1179648K
  class space    used 15924K, committed 16384K, reserved 1048576K
}
Event: 16.893 GC heap before
{Heap before GC invocations=46 (full 0):
 garbage-first heap   total 266240K, used 223758K [0x0000000080000000, 0x0000000100000000)
  region size 1024K, 48 young (49152K), 7 survivors (7168K)
 Metaspace       used 120100K, committed 121152K, reserved 1179648K
  class space    used 16081K, committed 16640K, reserved 1048576K
}
Event: 16.897 GC heap after
{Heap after GC invocations=47 (full 0):
 garbage-first heap   total 266240K, used 183936K [0x0000000080000000, 0x0000000100000000)
  region size 1024K, 3 young (3072K), 3 survivors (3072K)
 Metaspace       used 120100K, committed 121152K, reserved 1179648K
  class space    used 16081K, committed 16640K, reserved 1048576K
}
Event: 17.032 GC heap before
{Heap before GC invocations=47 (full 0):
 garbage-first heap   total 266240K, used 225920K [0x0000000080000000, 0x0000000100000000)
  region size 1024K, 44 young (45056K), 3 survivors (3072K)
 Metaspace       used 120305K, committed 121344K, reserved 1179648K
  class space    used 16101K, committed 16640K, reserved 1048576K
}
Event: 17.040 GC heap after
{Heap after GC invocations=48 (full 0):
 garbage-first heap   total 266240K, used 187791K [0x0000000080000000, 0x0000000100000000)
  region size 1024K, 6 young (6144K), 6 survivors (6144K)
 Metaspace       used 120305K, committed 121344K, reserved 1179648K
  class space    used 16101K, committed 16640K, reserved 1048576K
}
Event: 17.126 GC heap before
{Heap before GC invocations=48 (full 0):
 garbage-first heap   total 266240K, used 226703K [0x0000000080000000, 0x0000000100000000)
  region size 1024K, 44 young (45056K), 6 survivors (6144K)
 Metaspace       used 120407K, committed 121472K, reserved 1179648K
  class space    used 16101K, committed 16640K, reserved 1048576K
}
Event: 17.131 GC heap after
{Heap after GC invocations=49 (full 0):
 garbage-first heap   total 266240K, used 187908K [0x0000000080000000, 0x0000000100000000)
  region size 1024K, 3 young (3072K), 3 survivors (3072K)
 Metaspace       used 120407K, committed 121472K, reserved 1179648K
  class space    used 16101K, committed 16640K, reserved 1048576K
}
Event: 17.245 GC heap before
{Heap before GC invocations=49 (full 0):
 garbage-first heap   total 266240K, used 227844K [0x0000000080000000, 0x0000000100000000)
  region size 1024K, 42 young (43008K), 3 survivors (3072K)
 Metaspace       used 120481K, committed 121536K, reserved 1179648K
  class space    used 16105K, committed 16640K, reserved 1048576K
}

