# JRE version: OpenJDK Runtime Environment Corretto-17.0.16.8.1 (17.0.16+8) (build 17.0.16+8-LTS)
# Java VM: OpenJDK 64-Bit Server VM Corretto-17.0.16.8.1 (17.0.16+8-LTS, mixed mode, sharing, tiered, compressed oops, compressed class ptrs, g1 gc, windows-amd64)
GC Precious Log:
 CPUs: 20 total, 20 available
 Memory: 16068M
 Large Page Support: Disabled
 NUMA Support: Disabled
 Compressed Oops: Enabled (32-bit)
 Heap Region Size: 1M
 Heap Min Capacity: 8M
 Heap Initial Capacity: 252M
 Heap Max Capacity: 2G
 Pre-touch: Disabled
 Parallel Workers: 15
 Concurrent Workers: 4
 Concurrent Refinement Workers: 15
 Periodic GC: Disabled
Heap:
 garbage-first heap   total 277504K, used 170973K [0x0000000080000000, 0x0000000100000000)
  region size 1024K, 13 young (13312K), 9 survivors (9216K)
 Metaspace       used 96444K, committed 97216K, reserved 1179648K
  class space    used 13320K, committed 13696K, reserved 1048576K
GC Heap History (20 events):
Event: 7.650 GC heap before
{Heap before GC invocations=21 (full 0):
 garbage-first heap   total 149504K, used 77553K [0x0000000080000000, 0x0000000100000000)
  region size 1024K, 8 young (8192K), 7 survivors (7168K)
 Metaspace       used 63241K, committed 63872K, reserved 1114112K
  class space    used 8729K, committed 9024K, reserved 1048576K
}
Event: 7.652 GC heap after
{Heap after GC invocations=22 (full 0):
 garbage-first heap   total 149504K, used 77240K [0x0000000080000000, 0x0000000100000000)
  region size 1024K, 1 young (1024K), 1 survivors (1024K)
 Metaspace       used 63241K, committed 63872K, reserved 1114112K
  class space    used 8729K, committed 9024K, reserved 1048576K
}
Event: 8.076 GC heap before
{Heap before GC invocations=22 (full 0):
 garbage-first heap   total 149504K, used 122296K [0x0000000080000000, 0x0000000100000000)
  region size 1024K, 45 young (46080K), 1 survivors (1024K)
 Metaspace       used 67273K, committed 67968K, reserved 1114112K
  class space    used 9255K, committed 9600K, reserved 1048576K
}
Event: 8.079 GC heap after
{Heap after GC invocations=23 (full 0):
 garbage-first heap   total 289792K, used 78596K [0x0000000080000000, 0x0000000100000000)
  region size 1024K, 3 young (3072K), 3 survivors (3072K)
 Metaspace       used 67273K, committed 67968K, reserved 1114112K
  class space    used 9255K, committed 9600K, reserved 1048576K
}
Event: 9.384 GC heap before
{Heap before GC invocations=24 (full 0):
 garbage-first heap   total 273408K, used 238340K [0x0000000080000000, 0x0000000100000000)
  region size 1024K, 156 young (159744K), 3 survivors (3072K)
 Metaspace       used 75991K, committed 76672K, reserved 1179648K
  class space    used 10493K, committed 10816K, reserved 1048576K
}
Event: 9.389 GC heap after
{Heap after GC invocations=25 (full 0):
 garbage-first heap   total 273408K, used 89904K [0x0000000080000000, 0x0000000100000000)
  region size 1024K, 11 young (11264K), 11 survivors (11264K)
 Metaspace       used 75991K, committed 76672K, reserved 1179648K
  class space    used 10493K, committed 10816K, reserved 1048576K
}
Event: 9.414 GC heap before
{Heap before GC invocations=25 (full 0):
 garbage-first heap   total 273408K, used 91952K [0x0000000080000000, 0x0000000100000000)
  region size 1024K, 13 young (13312K), 11 survivors (11264K)
 Metaspace       used 76147K, committed 76864K, reserved 1179648K
  class space    used 10527K, committed 10880K, reserved 1048576K
}
Event: 9.418 GC heap after
{Heap after GC invocations=26 (full 0):
 garbage-first heap   total 273408K, used 91113K [0x0000000080000000, 0x0000000100000000)
  region size 1024K, 2 young (2048K), 2 survivors (2048K)
 Metaspace       used 76147K, committed 76864K, reserved 1179648K
  class space    used 10527K, committed 10880K, reserved 1048576K
}
Event: 10.489 GC heap before
{Heap before GC invocations=26 (full 0):
 garbage-first heap   total 273408K, used 220137K [0x0000000080000000, 0x0000000100000000)
  region size 1024K, 128 young (131072K), 2 survivors (2048K)
 Metaspace       used 85305K, committed 86080K, reserved 1179648K
  class space    used 11943K, committed 12288K, reserved 1048576K
}
Event: 10.496 GC heap after
{Heap after GC invocations=27 (full 0):
 garbage-first heap   total 273408K, used 95349K [0x0000000080000000, 0x0000000100000000)
  region size 1024K, 6 young (6144K), 6 survivors (6144K)
 Metaspace       used 85305K, committed 86080K, reserved 1179648K
  class space    used 11943K, committed 12288K, reserved 1048576K
}
Event: 11.707 GC heap before
{Heap before GC invocations=27 (full 0):
 garbage-first heap   total 273408K, used 222325K [0x0000000080000000, 0x0000000100000000)
  region size 1024K, 130 young (133120K), 6 survivors (6144K)
 Metaspace       used 92426K, committed 93248K, reserved 1179648K
  class space    used 12994K, committed 13376K, reserved 1048576K
}
Event: 11.717 GC heap after
{Heap after GC invocations=28 (full 0):
 garbage-first heap   total 273408K, used 106910K [0x0000000080000000, 0x0000000100000000)
  region size 1024K, 17 young (17408K), 17 survivors (17408K)
 Metaspace       used 92426K, committed 93248K, reserved 1179648K
  class space    used 12994K, committed 13376K, reserved 1048576K
}
Event: 11.934 GC heap before
{Heap before GC invocations=28 (full 0):
 garbage-first heap   total 273408K, used 218526K [0x0000000080000000, 0x0000000100000000)
  region size 1024K, 127 young (130048K), 17 survivors (17408K)
 Metaspace       used 92476K, committed 93248K, reserved 1179648K
  class space    used 12995K, committed 13376K, reserved 1048576K
}
Event: 11.943 GC heap after
{Heap after GC invocations=29 (full 0):
 garbage-first heap   total 273408K, used 110955K [0x0000000080000000, 0x0000000100000000)
  region size 1024K, 7 young (7168K), 7 survivors (7168K)
 Metaspace       used 92476K, committed 93248K, reserved 1179648K
  class space    used 12995K, committed 13376K, reserved 1048576K
}
Event: 13.130 GC heap before
{Heap before GC invocations=29 (full 0):
 garbage-first heap   total 273408K, used 229739K [0x0000000080000000, 0x0000000100000000)
  region size 1024K, 115 young (117760K), 7 survivors (7168K)
 Metaspace       used 95731K, committed 96576K, reserved 1179648K
  class space    used 13265K, committed 13696K, reserved 1048576K
}
Event: 13.136 GC heap after
{Heap after GC invocations=30 (full 0):
 garbage-first heap   total 273408K, used 121697K [0x0000000080000000, 0x0000000100000000)
  region size 1024K, 15 young (15360K), 15 survivors (15360K)
 Metaspace       used 95731K, committed 96576K, reserved 1179648K
  class space    used 13265K, committed 13696K, reserved 1048576K
}
Event: 14.054 GC heap before
{Heap before GC invocations=30 (full 0):
 garbage-first heap   total 273408K, used 227169K [0x0000000080000000, 0x0000000100000000)
  region size 1024K, 110 young (112640K), 15 survivors (15360K)
 Metaspace       used 96145K, committed 96960K, reserved 1179648K
  class space    used 13301K, committed 13696K, reserved 1048576K
}
Event: 14.072 GC heap after
{Heap after GC invocations=31 (full 0):
 garbage-first heap   total 277504K, used 157076K [0x0000000080000000, 0x0000000100000000)
  region size 1024K, 14 young (14336K), 14 survivors (14336K)
 Metaspace       used 96145K, committed 96960K, reserved 1179648K
  class space    used 13301K, committed 13696K, reserved 1048576K
}
Event: 14.629 GC heap before
{Heap before GC invocations=31 (full 0):
 garbage-first heap   total 277504K, used 222612K [0x0000000080000000, 0x0000000100000000)
  region size 1024K, 70 young (71680K), 14 survivors (14336K)
 Metaspace       used 96423K, committed 97216K, reserved 1179648K
  class space    used 13318K, committed 13696K, reserved 1048576K
}
Event: 14.639 GC heap after
{Heap after GC invocations=32 (full 0):
 garbage-first heap   total 277504K, used 169949K [0x0000000080000000, 0x0000000100000000)
  region size 1024K, 9 young (9216K), 9 survivors (9216K)
 Metaspace       used 96423K, committed 97216K, reserved 1179648K
  class space    used 13318K, committed 13696K, reserved 1048576K
}

