# JRE version: OpenJDK Runtime Environment Corretto-17.0.16.8.1 (17.0.16+8) (build 17.0.16+8-LTS)
# Java VM: OpenJDK 64-Bit Server VM Corretto-17.0.16.8.1 (17.0.16+8-LTS, mixed mode, sharing, tiered, compressed oops, compressed class ptrs, g1 gc, windows-amd64)
GC Precious Log:
 CPUs: 20 total, 20 available
 Memory: 16068M
 Large Page Support: Disabled
 NUMA Support: Disabled
 Compressed Oops: Enabled (32-bit)
 Heap Region Size: 1M
 Heap Min Capacity: 8M
 Heap Initial Capacity: 252M
 Heap Max Capacity: 2G
 Pre-touch: Disabled
 Parallel Workers: 15
 Concurrent Workers: 4
 Concurrent Refinement Workers: 15
 Periodic GC: Disabled
Heap:
 garbage-first heap   total 325632K, used 269009K [0x0000000080000000, 0x0000000100000000)
  region size 1024K, 177 young (181248K), 1 survivors (1024K)
 Metaspace       used 89632K, committed 90432K, reserved 1179648K
  class space    used 12541K, committed 12928K, reserved 1048576K
GC Heap History (20 events):
Event: 6.847 GC heap before
{Heap before GC invocations=17 (full 0):
 garbage-first heap   total 135168K, used 119618K [0x0000000080000000, 0x0000000100000000)
  region size 1024K, 62 young (63488K), 5 survivors (5120K)
 Metaspace       used 56035K, committed 56704K, reserved 1114112K
  class space    used 7754K, committed 8064K, reserved 1048576K
}
Event: 6.850 GC heap after
{Heap after GC invocations=18 (full 0):
 garbage-first heap   total 135168K, used 69709K [0x0000000080000000, 0x0000000100000000)
  region size 1024K, 8 young (8192K), 8 survivors (8192K)
 Metaspace       used 56035K, committed 56704K, reserved 1114112K
  class space    used 7754K, committed 8064K, reserved 1048576K
}
Event: 7.212 GC heap before
{Heap before GC invocations=18 (full 0):
 garbage-first heap   total 135168K, used 107597K [0x0000000080000000, 0x0000000100000000)
  region size 1024K, 46 young (47104K), 8 survivors (8192K)
 Metaspace       used 59683K, committed 60288K, reserved 1114112K
  class space    used 8245K, committed 8576K, reserved 1048576K
}
Event: 7.215 GC heap after
{Heap after GC invocations=19 (full 0):
 garbage-first heap   total 135168K, used 70951K [0x0000000080000000, 0x0000000100000000)
  region size 1024K, 2 young (2048K), 2 survivors (2048K)
 Metaspace       used 59683K, committed 60288K, reserved 1114112K
  class space    used 8245K, committed 8576K, reserved 1048576K
}
Event: 7.499 GC heap before
{Heap before GC invocations=20 (full 0):
 garbage-first heap   total 135168K, used 116007K [0x0000000080000000, 0x0000000100000000)
  region size 1024K, 41 young (41984K), 2 survivors (2048K)
 Metaspace       used 62526K, committed 63168K, reserved 1114112K
  class space    used 8602K, committed 8896K, reserved 1048576K
}
Event: 7.502 GC heap after
{Heap after GC invocations=21 (full 0):
 garbage-first heap   total 135168K, used 76124K [0x0000000080000000, 0x0000000100000000)
  region size 1024K, 6 young (6144K), 6 survivors (6144K)
 Metaspace       used 62526K, committed 63168K, reserved 1114112K
  class space    used 8602K, committed 8896K, reserved 1048576K
}
Event: 7.511 GC heap before
{Heap before GC invocations=21 (full 0):
 garbage-first heap   total 135168K, used 77148K [0x0000000080000000, 0x0000000100000000)
  region size 1024K, 7 young (7168K), 6 survivors (6144K)
 Metaspace       used 62588K, committed 63232K, reserved 1114112K
  class space    used 8619K, committed 8960K, reserved 1048576K
}
Event: 7.514 GC heap after
{Heap after GC invocations=22 (full 0):
 garbage-first heap   total 162816K, used 76291K [0x0000000080000000, 0x0000000100000000)
  region size 1024K, 1 young (1024K), 1 survivors (1024K)
 Metaspace       used 62588K, committed 63232K, reserved 1114112K
  class space    used 8619K, committed 8960K, reserved 1048576K
}
Event: 8.041 GC heap before
{Heap before GC invocations=22 (full 0):
 garbage-first heap   total 162816K, used 129539K [0x0000000080000000, 0x0000000100000000)
  region size 1024K, 53 young (54272K), 1 survivors (1024K)
 Metaspace       used 67154K, committed 67776K, reserved 1114112K
  class space    used 9216K, committed 9472K, reserved 1048576K
}
Event: 8.043 GC heap after
{Heap after GC invocations=23 (full 0):
 garbage-first heap   total 162816K, used 78400K [0x0000000080000000, 0x0000000100000000)
  region size 1024K, 3 young (3072K), 3 survivors (3072K)
 Metaspace       used 67154K, committed 67776K, reserved 1114112K
  class space    used 9216K, committed 9472K, reserved 1048576K
}
Event: 8.612 GC heap before
{Heap before GC invocations=24 (full 0):
 garbage-first heap   total 162816K, used 134720K [0x0000000080000000, 0x0000000100000000)
  region size 1024K, 55 young (56320K), 3 survivors (3072K)
 Metaspace       used 70742K, committed 71424K, reserved 1114112K
  class space    used 9733K, committed 10112K, reserved 1048576K
}
Event: 8.615 GC heap after
{Heap after GC invocations=25 (full 0):
 garbage-first heap   total 162816K, used 83996K [0x0000000080000000, 0x0000000100000000)
  region size 1024K, 6 young (6144K), 6 survivors (6144K)
 Metaspace       used 70742K, committed 71424K, reserved 1114112K
  class space    used 9733K, committed 10112K, reserved 1048576K
}
Event: 8.630 GC heap before
{Heap before GC invocations=25 (full 0):
 garbage-first heap   total 162816K, used 85020K [0x0000000080000000, 0x0000000100000000)
  region size 1024K, 7 young (7168K), 6 survivors (6144K)
 Metaspace       used 70814K, committed 71488K, reserved 1114112K
  class space    used 9745K, committed 10112K, reserved 1048576K
}
Event: 8.632 GC heap after
{Heap after GC invocations=26 (full 0):
 garbage-first heap   total 162816K, used 84467K [0x0000000080000000, 0x0000000100000000)
  region size 1024K, 1 young (1024K), 1 survivors (1024K)
 Metaspace       used 70814K, committed 71488K, reserved 1114112K
  class space    used 9745K, committed 10112K, reserved 1048576K
}
Event: 9.032 GC heap before
{Heap before GC invocations=26 (full 0):
 garbage-first heap   total 162816K, used 134643K [0x0000000080000000, 0x0000000100000000)
  region size 1024K, 50 young (51200K), 1 survivors (1024K)
 Metaspace       used 72287K, committed 73024K, reserved 1114112K
  class space    used 9942K, committed 10304K, reserved 1048576K
}
Event: 9.035 GC heap after
{Heap after GC invocations=27 (full 0):
 garbage-first heap   total 162816K, used 87704K [0x0000000080000000, 0x0000000100000000)
  region size 1024K, 4 young (4096K), 4 survivors (4096K)
 Metaspace       used 72287K, committed 73024K, reserved 1114112K
  class space    used 9942K, committed 10304K, reserved 1048576K
}
Event: 9.455 GC heap before
{Heap before GC invocations=28 (full 0):
 garbage-first heap   total 162816K, used 134808K [0x0000000080000000, 0x0000000100000000)
  region size 1024K, 50 young (51200K), 4 survivors (4096K)
 Metaspace       used 75455K, committed 76224K, reserved 1179648K
  class space    used 10387K, committed 10752K, reserved 1048576K
}
Event: 9.461 GC heap after
{Heap after GC invocations=29 (full 0):
 garbage-first heap   total 325632K, used 90905K [0x0000000080000000, 0x0000000100000000)
  region size 1024K, 4 young (4096K), 4 survivors (4096K)
 Metaspace       used 75455K, committed 76224K, reserved 1179648K
  class space    used 10387K, committed 10752K, reserved 1048576K
}
Event: 9.607 GC heap before
{Heap before GC invocations=29 (full 0):
 garbage-first heap   total 325632K, used 101145K [0x0000000080000000, 0x0000000100000000)
  region size 1024K, 15 young (15360K), 4 survivors (4096K)
 Metaspace       used 76309K, committed 76992K, reserved 1179648K
  class space    used 10546K, committed 10880K, reserved 1048576K
}
Event: 9.609 GC heap after
{Heap after GC invocations=30 (full 0):
 garbage-first heap   total 325632K, used 89809K [0x0000000080000000, 0x0000000100000000)
  region size 1024K, 1 young (1024K), 1 survivors (1024K)
 Metaspace       used 76309K, committed 76992K, reserved 1179648K
  class space    used 10546K, committed 10880K, reserved 1048576K
}

