# JRE version: OpenJDK Runtime Environment Corretto-17.0.16.8.1 (17.0.16+8) (build 17.0.16+8-LTS)
# Java VM: OpenJDK 64-Bit Server VM Corretto-17.0.16.8.1 (17.0.16+8-LTS, mixed mode, sharing, tiered, compressed oops, compressed class ptrs, g1 gc, windows-amd64)
GC Precious Log:
 CPUs: 20 total, 20 available
 Memory: 16068M
 Large Page Support: Disabled
 NUMA Support: Disabled
 Compressed Oops: Enabled (Zero based)
 Heap Region Size: 2M
 Heap Min Capacity: 8M
 Heap Initial Capacity: 252M
 Heap Max Capacity: 4018M
 Pre-touch: Disabled
 Parallel Workers: 15
 Concurrent Workers: 4
 Concurrent Refinement Workers: 15
 Periodic GC: Disabled
Heap:
 garbage-first heap   total 698368K, used 477655K [0x0000000704e00000, 0x0000000800000000)
  region size 2048K, 9 young (18432K), 9 survivors (18432K)
 Metaspace       used 95803K, committed 96192K, reserved 1179648K
  class space    used 9215K, committed 9408K, reserved 1048576K
GC Heap History (20 events):
Event: 59.061 GC heap after
{Heap after GC invocations=54 (full 0):
 garbage-first heap   total 698368K, used 415043K [0x0000000704e00000, 0x0000000800000000)
  region size 2048K, 3 young (6144K), 3 survivors (6144K)
 Metaspace       used 95188K, committed 95552K, reserved 1179648K
  class space    used 9200K, committed 9344K, reserved 1048576K
}
Event: 59.381 GC heap before
{Heap before GC invocations=54 (full 0):
 garbage-first heap   total 698368K, used 603459K [0x0000000704e00000, 0x0000000800000000)
  region size 2048K, 95 young (194560K), 3 survivors (6144K)
 Metaspace       used 95269K, committed 95616K, reserved 1179648K
  class space    used 9202K, committed 9344K, reserved 1048576K
}
Event: 59.385 GC heap after
{Heap after GC invocations=55 (full 0):
 garbage-first heap   total 698368K, used 418632K [0x0000000704e00000, 0x0000000800000000)
  region size 2048K, 4 young (8192K), 4 survivors (8192K)
 Metaspace       used 95269K, committed 95616K, reserved 1179648K
  class space    used 9202K, committed 9344K, reserved 1048576K
}
Event: 59.841 GC heap before
{Heap before GC invocations=55 (full 0):
 garbage-first heap   total 698368K, used 605000K [0x0000000704e00000, 0x0000000800000000)
  region size 2048K, 95 young (194560K), 4 survivors (8192K)
 Metaspace       used 95327K, committed 95680K, reserved 1179648K
  class space    used 9202K, committed 9344K, reserved 1048576K
}
Event: 59.849 GC heap after
{Heap after GC invocations=56 (full 0):
 garbage-first heap   total 698368K, used 427280K [0x0000000704e00000, 0x0000000800000000)
  region size 2048K, 8 young (16384K), 8 survivors (16384K)
 Metaspace       used 95327K, committed 95680K, reserved 1179648K
  class space    used 9202K, committed 9344K, reserved 1048576K
}
Event: 60.342 GC heap before
{Heap before GC invocations=56 (full 0):
 garbage-first heap   total 698368K, used 601360K [0x0000000704e00000, 0x0000000800000000)
  region size 2048K, 93 young (190464K), 8 survivors (16384K)
 Metaspace       used 95452K, committed 95872K, reserved 1179648K
  class space    used 9207K, committed 9408K, reserved 1048576K
}
Event: 60.352 GC heap after
{Heap after GC invocations=57 (full 0):
 garbage-first heap   total 698368K, used 433236K [0x0000000704e00000, 0x0000000800000000)
  region size 2048K, 9 young (18432K), 9 survivors (18432K)
 Metaspace       used 95452K, committed 95872K, reserved 1179648K
  class space    used 9207K, committed 9408K, reserved 1048576K
}
Event: 60.886 GC heap before
{Heap before GC invocations=57 (full 0):
 garbage-first heap   total 698368K, used 597076K [0x0000000704e00000, 0x0000000800000000)
  region size 2048K, 89 young (182272K), 9 survivors (18432K)
 Metaspace       used 95521K, committed 95936K, reserved 1179648K
  class space    used 9208K, committed 9408K, reserved 1048576K
}
Event: 60.894 GC heap after
{Heap after GC invocations=58 (full 0):
 garbage-first heap   total 698368K, used 438334K [0x0000000704e00000, 0x0000000800000000)
  region size 2048K, 9 young (18432K), 9 survivors (18432K)
 Metaspace       used 95521K, committed 95936K, reserved 1179648K
  class space    used 9208K, committed 9408K, reserved 1048576K
}
Event: 61.282 GC heap before
{Heap before GC invocations=58 (full 0):
 garbage-first heap   total 698368K, used 593982K [0x0000000704e00000, 0x0000000800000000)
  region size 2048K, 85 young (174080K), 9 survivors (18432K)
 Metaspace       used 95590K, committed 96000K, reserved 1179648K
  class space    used 9208K, committed 9408K, reserved 1048576K
}
Event: 61.293 GC heap after
{Heap after GC invocations=59 (full 0):
 garbage-first heap   total 698368K, used 443782K [0x0000000704e00000, 0x0000000800000000)
  region size 2048K, 8 young (16384K), 8 survivors (16384K)
 Metaspace       used 95590K, committed 96000K, reserved 1179648K
  class space    used 9208K, committed 9408K, reserved 1048576K
}
Event: 61.656 GC heap before
{Heap before GC invocations=59 (full 0):
 garbage-first heap   total 698368K, used 597382K [0x0000000704e00000, 0x0000000800000000)
  region size 2048K, 83 young (169984K), 8 survivors (16384K)
 Metaspace       used 95612K, committed 96000K, reserved 1179648K
  class space    used 9208K, committed 9408K, reserved 1048576K
}
Event: 61.668 GC heap after
{Heap after GC invocations=60 (full 0):
 garbage-first heap   total 698368K, used 453782K [0x0000000704e00000, 0x0000000800000000)
  region size 2048K, 9 young (18432K), 9 survivors (18432K)
 Metaspace       used 95612K, committed 96000K, reserved 1179648K
  class space    used 9208K, committed 9408K, reserved 1048576K
}
Event: 62.051 GC heap before
{Heap before GC invocations=60 (full 0):
 garbage-first heap   total 698368K, used 597142K [0x0000000704e00000, 0x0000000800000000)
  region size 2048K, 79 young (161792K), 9 survivors (18432K)
 Metaspace       used 95626K, committed 96064K, reserved 1179648K
  class space    used 9208K, committed 9408K, reserved 1048576K
}
Event: 62.059 GC heap after
{Heap after GC invocations=61 (full 0):
 garbage-first heap   total 698368K, used 457499K [0x0000000704e00000, 0x0000000800000000)
  region size 2048K, 6 young (12288K), 6 survivors (12288K)
 Metaspace       used 95626K, committed 96064K, reserved 1179648K
  class space    used 9208K, committed 9408K, reserved 1048576K
}
Event: 62.457 GC heap before
{Heap before GC invocations=61 (full 0):
 garbage-first heap   total 698368K, used 596763K [0x0000000704e00000, 0x0000000800000000)
  region size 2048K, 74 young (151552K), 6 survivors (12288K)
 Metaspace       used 95654K, committed 96064K, reserved 1179648K
  class space    used 9208K, committed 9408K, reserved 1048576K
}
Event: 62.463 GC heap after
{Heap after GC invocations=62 (full 0):
 garbage-first heap   total 698368K, used 462335K [0x0000000704e00000, 0x0000000800000000)
  region size 2048K, 8 young (16384K), 8 survivors (16384K)
 Metaspace       used 95654K, committed 96064K, reserved 1179648K
  class space    used 9208K, committed 9408K, reserved 1048576K
}
Event: 62.785 GC heap before
{Heap before GC invocations=62 (full 0):
 garbage-first heap   total 698368K, used 597503K [0x0000000704e00000, 0x0000000800000000)
  region size 2048K, 74 young (151552K), 8 survivors (16384K)
 Metaspace       used 95667K, committed 96064K, reserved 1179648K
  class space    used 9208K, committed 9408K, reserved 1048576K
}
Event: 62.796 GC heap after
{Heap after GC invocations=63 (full 0):
 garbage-first heap   total 698368K, used 470634K [0x0000000704e00000, 0x0000000800000000)
  region size 2048K, 9 young (18432K), 9 survivors (18432K)
 Metaspace       used 95667K, committed 96064K, reserved 1179648K
  class space    used 9208K, committed 9408K, reserved 1048576K
}
Event: 63.134 GC heap before
{Heap before GC invocations=63 (full 0):
 garbage-first heap   total 698368K, used 595562K [0x0000000704e00000, 0x0000000800000000)
  region size 2048K, 70 young (143360K), 9 survivors (18432K)
 Metaspace       used 95803K, committed 96192K, reserved 1179648K
  class space    used 9215K, committed 9408K, reserved 1048576K
}

