# JRE version: OpenJDK Runtime Environment Corretto-17.0.16.8.1 (17.0.16+8) (build 17.0.16+8-LTS)
# Java VM: OpenJDK 64-Bit Server VM Corretto-17.0.16.8.1 (17.0.16+8-LTS, mixed mode, sharing, tiered, compressed oops, compressed class ptrs, g1 gc, windows-amd64)
GC Precious Log:
 CPUs: 20 total, 20 available
 Memory: 16068M
 Large Page Support: Disabled
 NUMA Support: Disabled
 Compressed Oops: Enabled (32-bit)
 Heap Region Size: 1M
 Heap Min Capacity: 8M
 Heap Initial Capacity: 252M
 Heap Max Capacity: 2G
 Pre-touch: Disabled
 Parallel Workers: 15
 Concurrent Workers: 4
 Concurrent Refinement Workers: 15
 Periodic GC: Disabled
Heap:
 garbage-first heap   total 258048K, used 112502K [0x0000000080000000, 0x0000000100000000)
  region size 1024K, 1 young (1024K), 1 survivors (1024K)
 Metaspace       used 93876K, committed 94784K, reserved 1179648K
  class space    used 13118K, committed 13568K, reserved 1048576K
GC Heap History (20 events):
Event: 9.626 GC heap after
{Heap after GC invocations=28 (full 0):
 garbage-first heap   total 201728K, used 81381K [0x0000000080000000, 0x0000000100000000)
  region size 1024K, 2 young (2048K), 2 survivors (2048K)
 Metaspace       used 70313K, committed 70976K, reserved 1114112K
  class space    used 9676K, committed 9984K, reserved 1048576K
}
Event: 10.176 GC heap before
{Heap before GC invocations=28 (full 0):
 garbage-first heap   total 201728K, used 156133K [0x0000000080000000, 0x0000000100000000)
  region size 1024K, 72 young (73728K), 2 survivors (2048K)
 Metaspace       used 73175K, committed 73856K, reserved 1114112K
  class space    used 10065K, committed 10432K, reserved 1048576K
}
Event: 10.181 GC heap after
{Heap after GC invocations=29 (full 0):
 garbage-first heap   total 201728K, used 89826K [0x0000000080000000, 0x0000000100000000)
  region size 1024K, 7 young (7168K), 7 survivors (7168K)
 Metaspace       used 73175K, committed 73856K, reserved 1114112K
  class space    used 10065K, committed 10432K, reserved 1048576K
}
Event: 10.740 GC heap before
{Heap before GC invocations=29 (full 0):
 garbage-first heap   total 201728K, used 157410K [0x0000000080000000, 0x0000000100000000)
  region size 1024K, 73 young (74752K), 7 survivors (7168K)
 Metaspace       used 77982K, committed 78720K, reserved 1179648K
  class space    used 10865K, committed 11264K, reserved 1048576K
}
Event: 10.744 GC heap after
{Heap after GC invocations=30 (full 0):
 garbage-first heap   total 201728K, used 92400K [0x0000000080000000, 0x0000000100000000)
  region size 1024K, 3 young (3072K), 3 survivors (3072K)
 Metaspace       used 77982K, committed 78720K, reserved 1179648K
  class space    used 10865K, committed 11264K, reserved 1048576K
}
Event: 11.259 GC heap before
{Heap before GC invocations=30 (full 0):
 garbage-first heap   total 201728K, used 161008K [0x0000000080000000, 0x0000000100000000)
  region size 1024K, 70 young (71680K), 3 survivors (3072K)
 Metaspace       used 82510K, committed 83328K, reserved 1179648K
  class space    used 11549K, committed 11968K, reserved 1048576K
}
Event: 11.263 GC heap after
{Heap after GC invocations=31 (full 0):
 garbage-first heap   total 201728K, used 95109K [0x0000000080000000, 0x0000000100000000)
  region size 1024K, 6 young (6144K), 6 survivors (6144K)
 Metaspace       used 82510K, committed 83328K, reserved 1179648K
  class space    used 11549K, committed 11968K, reserved 1048576K
}
Event: 11.791 GC heap before
{Heap before GC invocations=31 (full 0):
 garbage-first heap   total 201728K, used 163717K [0x0000000080000000, 0x0000000100000000)
  region size 1024K, 73 young (74752K), 6 survivors (6144K)
 Metaspace       used 87581K, committed 88320K, reserved 1179648K
  class space    used 12297K, committed 12672K, reserved 1048576K
}
Event: 11.795 GC heap after
{Heap after GC invocations=32 (full 0):
 garbage-first heap   total 201728K, used 98348K [0x0000000080000000, 0x0000000100000000)
  region size 1024K, 9 young (9216K), 9 survivors (9216K)
 Metaspace       used 87581K, committed 88320K, reserved 1179648K
  class space    used 12297K, committed 12672K, reserved 1048576K
}
Event: 12.762 GC heap before
{Heap before GC invocations=32 (full 0):
 garbage-first heap   total 201728K, used 148524K [0x0000000080000000, 0x0000000100000000)
  region size 1024K, 60 young (61440K), 9 survivors (9216K)
 Metaspace       used 91893K, committed 92736K, reserved 1179648K
  class space    used 12973K, committed 13376K, reserved 1048576K
}
Event: 12.768 GC heap after
{Heap after GC invocations=33 (full 0):
 garbage-first heap   total 201728K, used 102551K [0x0000000080000000, 0x0000000100000000)
  region size 1024K, 8 young (8192K), 8 survivors (8192K)
 Metaspace       used 91893K, committed 92736K, reserved 1179648K
  class space    used 12973K, committed 13376K, reserved 1048576K
}
Event: 13.386 GC heap before
{Heap before GC invocations=34 (full 0):
 garbage-first heap   total 201728K, used 171159K [0x0000000080000000, 0x0000000100000000)
  region size 1024K, 71 young (72704K), 8 survivors (8192K)
 Metaspace       used 93633K, committed 94528K, reserved 1179648K
  class space    used 13089K, committed 13504K, reserved 1048576K
}
Event: 13.398 GC heap after
{Heap after GC invocations=35 (full 0):
 garbage-first heap   total 201728K, used 109460K [0x0000000080000000, 0x0000000100000000)
  region size 1024K, 9 young (9216K), 9 survivors (9216K)
 Metaspace       used 93633K, committed 94528K, reserved 1179648K
  class space    used 13089K, committed 13504K, reserved 1048576K
}
Event: 13.400 GC heap before
{Heap before GC invocations=35 (full 0):
 garbage-first heap   total 201728K, used 110484K [0x0000000080000000, 0x0000000100000000)
  region size 1024K, 10 young (10240K), 9 survivors (9216K)
 Metaspace       used 93633K, committed 94528K, reserved 1179648K
  class space    used 13089K, committed 13504K, reserved 1048576K
}
Event: 13.406 GC heap after
{Heap after GC invocations=36 (full 0):
 garbage-first heap   total 201728K, used 109692K [0x0000000080000000, 0x0000000100000000)
  region size 1024K, 2 young (2048K), 2 survivors (2048K)
 Metaspace       used 93633K, committed 94528K, reserved 1179648K
  class space    used 13089K, committed 13504K, reserved 1048576K
}
Event: 13.501 GC heap before
{Heap before GC invocations=36 (full 0):
 garbage-first heap   total 201728K, used 164988K [0x0000000080000000, 0x0000000100000000)
  region size 1024K, 56 young (57344K), 2 survivors (2048K)
 Metaspace       used 93644K, committed 94528K, reserved 1179648K
  class space    used 13089K, committed 13504K, reserved 1048576K
}
Event: 13.505 GC heap after
{Heap after GC invocations=37 (full 0):
 garbage-first heap   total 201728K, used 112068K [0x0000000080000000, 0x0000000100000000)
  region size 1024K, 4 young (4096K), 4 survivors (4096K)
 Metaspace       used 93644K, committed 94528K, reserved 1179648K
  class space    used 13089K, committed 13504K, reserved 1048576K
}
Event: 13.648 GC heap before
{Heap before GC invocations=38 (full 0):
 garbage-first heap   total 224256K, used 165316K [0x0000000080000000, 0x0000000100000000)
  region size 1024K, 57 young (58368K), 4 survivors (4096K)
 Metaspace       used 93683K, committed 94528K, reserved 1179648K
  class space    used 13091K, committed 13504K, reserved 1048576K
}
Event: 13.651 GC heap after
{Heap after GC invocations=39 (full 0):
 garbage-first heap   total 224256K, used 113441K [0x0000000080000000, 0x0000000100000000)
  region size 1024K, 6 young (6144K), 6 survivors (6144K)
 Metaspace       used 93683K, committed 94528K, reserved 1179648K
  class space    used 13091K, committed 13504K, reserved 1048576K
}
Event: 13.690 GC heap before
{Heap before GC invocations=39 (full 0):
 garbage-first heap   total 224256K, used 117537K [0x0000000080000000, 0x0000000100000000)
  region size 1024K, 10 young (10240K), 6 survivors (6144K)
 Metaspace       used 93876K, committed 94784K, reserved 1179648K
  class space    used 13118K, committed 13568K, reserved 1048576K
}

